#
# There is insufficient memory for the Java Runtime Environment to continue.
# Native memory allocation (mmap) failed to map 199229440 bytes. Error detail: G1 virtual space
# Possible reasons:
#   The system is out of physical RAM or swap space
#   This process is running with CompressedOops enabled, and the Java Heap may be blocking the growth of the native heap
# Possible solutions:
#   Reduce memory load on the system
#   Increase physical memory or swap space
#   Check if swap backing store is full
#   Decrease Java heap size (-Xmx/-Xms)
#   Decrease number of Java threads
#   Decrease Java thread stack sizes (-Xss)
#   Set larger code cache with -XX:ReservedCodeCacheSize=
#   JVM is running with Zero Based Compressed Oops mode in which the Java heap is
#     placed in the first 32GB address space. The Java Heap base address is the
#     maximum limit for the native heap growth. Please use -XX:HeapBaseMinAddress
#     to set the Java Heap base and to place the Java Heap above 32GB virtual address.
# This output file may be truncated or incomplete.
#
#  Out of Memory Error (os_windows.cpp:3898), pid=19908, tid=7028
#
# JRE version:  (21.0.7+9) (build )
# Java VM: OpenJDK 64-Bit Server VM (21.0.7+9-b631.52, mixed mode, sharing, tiered, compressed oops, compressed class ptrs, g1 gc, windows-amd64)
# No core dump will be written. Minidumps are not enabled by default on client versions of Windows
#

---------------  S U M M A R Y ------------

Command Line: git4idea.http.GitAskPassApp Username for 'https://github.com': 

Host: Intel(R) Core(TM) i3-8145U CPU @ 2.10GHz, 4 cores, 11G,  Windows 10 , 64 bit Build 19041 (10.0.19041.5915)
Time: Tue Mar 17 03:17:30 2026 SE Asia Standard Time elapsed time: 0.013264 seconds (0d 0h 0m 0s)

---------------  T H R E A D  ---------------

Current thread (0x000001f87c7534b0):  JavaThread "Unknown thread" [_thread_in_vm, id=7028, stack(0x000000bf0f500000,0x000000bf0f600000) (1024K)]

Stack: [0x000000bf0f500000,0x000000bf0f600000]
Native frames: (J=compiled Java code, j=interpreted, Vv=VM code, C=native code)
V  [jvm.dll+0x6e5fb9]
V  [jvm.dll+0x8c4253]
V  [jvm.dll+0x8c67ae]
V  [jvm.dll+0x8c6e93]
V  [jvm.dll+0x289166]
V  [jvm.dll+0x6e2835]
V  [jvm.dll+0x6d62ba]
V  [jvm.dll+0x36376b]
V  [jvm.dll+0x36b336]
V  [jvm.dll+0x3bd6a6]
V  [jvm.dll+0x3bd978]
V  [jvm.dll+0x335edc]
V  [jvm.dll+0x336bcb]
V  [jvm.dll+0x88b6b9]
V  [jvm.dll+0x3ca878]
V  [jvm.dll+0x8747c8]
V  [jvm.dll+0x45f23e]
V  [jvm.dll+0x460f21]
C  [jli.dll+0x52ab]
C  [ucrtbase.dll+0x21bb2]
C  [KERNEL32.DLL+0x17374]
C  [ntdll.dll+0x4cc91]


---------------  P R O C E S S  ---------------

Threads class SMR info:
_java_thread_list=0x00007ff9c289b148, length=0, elements={
}

Java Threads: ( => current thread )
Total: 0

Other Threads:
  0x000001f87c7a1ce0 WorkerThread "GC Thread#0"                     [id=10580, stack(0x000000bf0f600000,0x000000bf0f700000) (1024K)]
  0x000001f87c7aea80 ConcurrentGCThread "G1 Main Marker"            [id=11488, stack(0x000000bf0f700000,0x000000bf0f800000) (1024K)]
  0x000001f87c7af730 WorkerThread "G1 Conc#0"                       [id=3628, stack(0x000000bf0f800000,0x000000bf0f900000) (1024K)]

[error occurred during error reporting (printing all threads), id 0xc0000005, EXCEPTION_ACCESS_VIOLATION (0xc0000005) at pc=0x00007ff9c1f88f97]
VM state: not at safepoint (not fully initialized)

VM Mutex/Monitor currently owned by a thread:  ([mutex/lock_event])
[0x00007ff9c290fab8] Heap_lock - owner thread: 0x000001f87c7534b0

Heap address: 0x0000000742400000, size: 3036 MB, Compressed Oops mode: Zero based, Oop shift amount: 3

CDS archive(s) mapped at: [0x0000000000000000-0x0000000000000000-0x0000000000000000), size 0, SharedBaseAddress: 0x0000000800000000, ArchiveRelocationMode: 1.
Narrow klass base: 0x0000000000000000, Narrow klass shift: 0, Narrow klass range: 0x0

GC Precious Log:
 CardTable entry size: 512
 Card Set container configuration: InlinePtr #cards 4 size 8 Array Of Cards #cards 16 size 48 Howl #buckets 8 coarsen threshold 3686 Howl Bitmap #cards 512 size 80 coarsen threshold 460 Card regions per heap region 1 cards per card region 4096

Heap:
 garbage-first heap   total 0K, used 0K [0x0000000742400000, 0x0000000800000000)
  region size 2048K, 0 young (0K), 0 survivors (0K)
 Metaspace       used 0K, committed 0K, reserved 0K
  class space    used 0K, committed 0K, reserved 0K

Heap Regions: E=young(eden), S=young(survivor), O=old, HS=humongous(starts), HC=humongous(continues), CS=collection set, F=free, TAMS=top-at-mark-start, PB=parsable bottom

Card table byte_map: [0x000001f87ce10000,0x000001f87d400000] _byte_map_base: 0x000001f8793fe000

Marking Bits: (CMBitMap*) 0x000001f87c7a23e0
 Bits: [0x000001f812ee0000, 0x000001f815e50000)

GC Heap History (0 events):
No events

Dll operation events (1 events):
Event: 0.008 Loaded shared library C:\Users\AR\.jbr\jbr_jcef-21.0.7-windows-x64-b631.52\bin\java.dll

Deoptimization events (0 events):
No events

Classes loaded (0 events):
No events

Classes unloaded (0 events):
No events

Classes redefined (0 events):
No events

Internal exceptions (0 events):
No events

ZGC Phase Switch (0 events):
No events

VM Operations (0 events):
No events

Memory protections (0 events):
No events

Nmethod flushes (0 events):
No events

Events (0 events):
No events


Dynamic libraries:
0x00007ff7043d0000 - 0x00007ff7043da000 	C:\Users\AR\.jbr\jbr_jcef-21.0.7-windows-x64-b631.52\bin\java.exe
0x00007ffa21b90000 - 0x00007ffa21d88000 	C:\WINDOWS\SYSTEM32\ntdll.dll
0x00007ffa1fbb0000 - 0x00007ffa1fc72000 	C:\WINDOWS\System32\KERNEL32.DLL
0x00007ffa1f8b0000 - 0x00007ffa1fba6000 	C:\WINDOWS\System32\KERNELBASE.dll
0x00007ffa1f570000 - 0x00007ffa1f670000 	C:\WINDOWS\System32\ucrtbase.dll
0x00007ffa17830000 - 0x00007ffa1784b000 	C:\Users\AR\.jbr\jbr_jcef-21.0.7-windows-x64-b631.52\bin\VCRUNTIME140.dll
0x00007ffa05360000 - 0x00007ffa05378000 	C:\Users\AR\.jbr\jbr_jcef-21.0.7-windows-x64-b631.52\bin\jli.dll
0x00007ffa211c0000 - 0x00007ffa21361000 	C:\WINDOWS\System32\USER32.dll
0x00007ffa1f720000 - 0x00007ffa1f742000 	C:\WINDOWS\System32\win32u.dll
0x00007ffa1e810000 - 0x00007ffa1eaab000 	C:\WINDOWS\WinSxS\amd64_microsoft.windows.common-controls_6595b64144ccf1df_6.0.19041.6456_none_60b8a6cb71f64256\COMCTL32.dll
0x00007ffa20fc0000 - 0x00007ffa20feb000 	C:\WINDOWS\System32\GDI32.dll
0x00007ffa20270000 - 0x00007ffa2030e000 	C:\WINDOWS\System32\msvcrt.dll
0x00007ffa1f450000 - 0x00007ffa1f569000 	C:\WINDOWS\System32\gdi32full.dll
0x00007ffa1f360000 - 0x00007ffa1f3fd000 	C:\WINDOWS\System32\msvcp_win.dll
0x00007ffa20180000 - 0x00007ffa201af000 	C:\WINDOWS\System32\IMM32.DLL
0x00007ffa1cc00000 - 0x00007ffa1cc0c000 	C:\Users\AR\.jbr\jbr_jcef-21.0.7-windows-x64-b631.52\bin\vcruntime140_1.dll
0x00007ffa00430000 - 0x00007ffa004bd000 	C:\Users\AR\.jbr\jbr_jcef-21.0.7-windows-x64-b631.52\bin\msvcp140.dll
0x00007ff9c1c40000 - 0x00007ff9c2a01000 	C:\Users\AR\.jbr\jbr_jcef-21.0.7-windows-x64-b631.52\bin\server\jvm.dll
0x00007ffa20ff0000 - 0x00007ffa210a1000 	C:\WINDOWS\System32\ADVAPI32.dll
0x00007ffa21120000 - 0x00007ffa211bf000 	C:\WINDOWS\System32\sechost.dll
0x00007ffa20ea0000 - 0x00007ffa20fc0000 	C:\WINDOWS\System32\RPCRT4.dll
0x00007ffa1f330000 - 0x00007ffa1f357000 	C:\WINDOWS\System32\bcrypt.dll
0x00007ffa20bb0000 - 0x00007ffa20c1b000 	C:\WINDOWS\System32\WS2_32.dll
0x00007ffa1f080000 - 0x00007ffa1f0cb000 	C:\WINDOWS\SYSTEM32\POWRPROF.dll
0x00007ffa15400000 - 0x00007ffa15427000 	C:\WINDOWS\SYSTEM32\WINMM.dll
0x00007ffa1b830000 - 0x00007ffa1b83a000 	C:\WINDOWS\SYSTEM32\VERSION.dll
0x00007ffa1f060000 - 0x00007ffa1f072000 	C:\WINDOWS\SYSTEM32\UMPDC.dll
0x00007ffa1cbc0000 - 0x00007ffa1cbd2000 	C:\WINDOWS\SYSTEM32\kernel.appcore.dll
0x00007ffa18fe0000 - 0x00007ffa18fea000 	C:\Users\AR\.jbr\jbr_jcef-21.0.7-windows-x64-b631.52\bin\jimage.dll
0x00007ffa1ebe0000 - 0x00007ffa1ede1000 	C:\WINDOWS\SYSTEM32\DBGHELP.DLL
0x00007ffa1eb20000 - 0x00007ffa1eb54000 	C:\WINDOWS\SYSTEM32\dbgcore.DLL
0x00007ffa1f220000 - 0x00007ffa1f2a2000 	C:\WINDOWS\System32\bcryptPrimitives.dll
0x00007ffa0ec50000 - 0x00007ffa0ec70000 	C:\Users\AR\.jbr\jbr_jcef-21.0.7-windows-x64-b631.52\bin\java.dll

dbghelp: loaded successfully - version: 4.0.5 - missing functions: none
symbol engine: initialized successfully - sym options: 0x614 - pdb path: .;C:\Users\AR\.jbr\jbr_jcef-21.0.7-windows-x64-b631.52\bin;C:\WINDOWS\SYSTEM32;C:\WINDOWS\WinSxS\amd64_microsoft.windows.common-controls_6595b64144ccf1df_6.0.19041.6456_none_60b8a6cb71f64256;C:\Users\AR\.jbr\jbr_jcef-21.0.7-windows-x64-b631.52\bin\server

VM Arguments:
java_command: git4idea.http.GitAskPassApp Username for 'https://github.com': 
java_class_path (initial): C:/Program Files/Android/Android Studio/plugins/vcs-git/lib/git4idea-rt.jar;C:/Program Files/Android/Android Studio/lib/externalProcess-rt.jar
Launcher Type: SUN_STANDARD

[Global flags]
     intx CICompilerCount                          = 3                                         {product} {ergonomic}
     uint ConcGCThreads                            = 1                                         {product} {ergonomic}
     uint G1ConcRefinementThreads                  = 4                                         {product} {ergonomic}
   size_t G1HeapRegionSize                         = 2097152                                   {product} {ergonomic}
    uintx GCDrainStackTargetSize                   = 64                                        {product} {ergonomic}
   size_t InitialHeapSize                          = 199229440                                 {product} {ergonomic}
   size_t MarkStackSize                            = 4194304                                   {product} {ergonomic}
   size_t MaxHeapSize                              = 3183476736                                {product} {ergonomic}
   size_t MinHeapDeltaBytes                        = 2097152                                   {product} {ergonomic}
   size_t MinHeapSize                              = 8388608                                   {product} {ergonomic}
    uintx NonNMethodCodeHeapSize                   = 5832780                                {pd product} {ergonomic}
    uintx NonProfiledCodeHeapSize                  = 122912730                              {pd product} {ergonomic}
    uintx ProfiledCodeHeapSize                     = 122912730                              {pd product} {ergonomic}
    uintx ReservedCodeCacheSize                    = 251658240                              {pd product} {ergonomic}
     bool SegmentedCodeCache                       = true                                      {product} {ergonomic}
   size_t SoftMaxHeapSize                          = 3183476736                             {manageable} {ergonomic}
     bool UseCompressedOops                        = true                           {product lp64_product} {ergonomic}
     bool UseG1GC                                  = true                                      {product} {ergonomic}
     bool UseLargePagesIndividualAllocation        = false                                  {pd product} {ergonomic}

Logging:
Log output configuration:
 #0: stdout all=warning uptime,level,tags foldmultilines=false
 #1: stderr all=off uptime,level,tags foldmultilines=false

Environment Variables:
PATH=C:/Program Files/Git/mingw64/libexec/git-core;C:/Program Files/Git/mingw64/libexec/git-core;C:\Program Files\Git\mingw64\bin;C:\Program Files\Git\usr\bin;C:\Users\AR\bin;C:\Users\AR\AppData\Roaming\Python\Python313\Scripts;C:\Program Files\Python313\;C:\Program Files (x86)\Common Files\Intel\Shared Files\cpp\bin\Intel64;C:\Windows\System32;C:\Windows;C:\Windows\System32\wbem;C:\Windows\System32\WindowsPowerShell\v1.0\;C:\Windows\System32\OpenSSH\;C:\Users\ASUS\AppData\Local\Microsoft\WindowsApps;C:\Users\ASUS\AppData\Local\Programs\Microsoft VS Code\bin;C:\adb;C:\xampp\php;C:\Program Files (x86)\dotnet\;C:\WINDOWS\system32;C:\WINDOWS;C:\WINDOWS\System32\Wbem;C:\WINDOWS\System32\WindowsPowerShell\v1.0\;C:\WINDOWS\System32\OpenSSH\;C:\Program Files\PuTTY\;C:\Program Files\Docker\Docker\resources\bin;C:\Program Files\dotnet\;C:\Program Files\Git\cmd;E:\ANDROID\scrcpy-win64-v3.1;C:\ProgramData\ComposerSetup\bin;C:\Program Files\nodejs\;C:\ProgramData\chocolatey\bin;C:\sqlite;C:\Users\AR\AppData\Roaming\npm;C:\Program Files (x86)\cloudflared\;C:\Users\AR\AppData\Local\Microsoft\WindowsApps;C:\Users\ASUS\AppData\Local\Programs\Microsoft VS Code\bin;C:\Users\AR\AppData\Roaming\Composer\vendor\bin;C:\Users\AR\.dotnet\tools;C:\Users\AR\AppData\Roaming\npm;C:\MinGW\bin;C:\msys\1.0\bin;C:\MinGW\msys\1.0\bin;C:\Program Files\Python313;C:\Users\AR\AppData\Roaming\Python\Python313\Scripts;C:\Users\AR\AppData\Roaming\npm;C:\Users\AR\AppData\Local\Programs\Microsoft VS Code\bin
USERNAME=AR
DISPLAY=:0.0
LC_ALL=en_US.UTF-8
TERM=xterm-256color
TMPDIR=C:\Users\AR\AppData\Local\Temp
OS=Windows_NT
PROCESSOR_IDENTIFIER=Intel64 Family 6 Model 142 Stepping 12, GenuineIntel
TMP=C:\Users\AR\AppData\Local\Temp
TEMP=C:\Users\AR\AppData\Local\Temp




Periodic native trim disabled

JNI global refs:
JNI global refs: 0, weak refs: 0

JNI global refs memory usage: 0, weak refs: 0

Process memory usage:
Resident Set Size: 10840K (0% of 12432072K total physical memory with 1316796K free physical memory)

OOME stack traces (most recent first):
Classloader memory used:

---------------  S Y S T E M  ---------------

OS:
 Windows 10 , 64 bit Build 19041 (10.0.19041.5915)
OS uptime: 9 days 20:57 hours
Hyper-V role detected

CPU: total 4 (initial active 4) (2 cores per cpu, 2 threads per core) family 6 model 142 stepping 12 microcode 0xde, cx8, cmov, fxsr, ht, mmx, 3dnowpref, sse, sse2, sse3, ssse3, sse4.1, sse4.2, popcnt, lzcnt, tsc, tscinvbit, avx, avx2, aes, erms, clmul, bmi1, bmi2, adx, fma, vzeroupper, clflush, clflushopt, hv, rdtscp, f16c
Processor Information for the first 4 processors :
  Max Mhz: 2304, Current Mhz: 2103, Mhz Limit: 2096

Memory: 4k page, system-wide physical 12140M (1285M free)
TotalPageFile size 14553M (AvailPageFile size 152M)
current process WorkingSet (physical memory assigned to process): 10M, peak: 10M
current process commit charge ("private bytes"): 51M, peak: 241M

vm_info: OpenJDK 64-Bit Server VM (21.0.7+9-b631.52) for windows-amd64 JRE (21.0.7+9-b631.52), built on 2025-04-30 by "builduser" with MS VC++ 16.10 / 16.11 (VS2019)

END.
